c:\users\idan-\projects\cluegame\thecluegame\x64\debug\vc142.pdb
c:\users\idan-\projects\cluegame\thecluegame\x64\debug\vc142.idb
c:\users\idan-\projects\cluegame\thecluegame\x64\debug\weaponcard.obj
c:\users\idan-\projects\cluegame\thecluegame\x64\debug\statistics.obj
c:\users\idan-\projects\cluegame\thecluegame\x64\debug\secretpassage.obj
c:\users\idan-\projects\cluegame\thecluegame\x64\debug\rooms.obj
c:\users\idan-\projects\cluegame\thecluegame\x64\debug\roomcard.obj
c:\users\idan-\projects\cluegame\thecluegame\x64\debug\point.obj
c:\users\idan-\projects\cluegame\thecluegame\x64\debug\player.obj
c:\users\idan-\projects\cluegame\thecluegame\x64\debug\murderenvelope.obj
c:\users\idan-\projects\cluegame\thecluegame\x64\debug\evidencebook.obj
c:\users\idan-\projects\cluegame\thecluegame\x64\debug\dice.obj
c:\users\idan-\projects\cluegame\thecluegame\x64\debug\cluegame.obj
c:\users\idan-\projects\cluegame\thecluegame\x64\debug\charactercard.obj
c:\users\idan-\projects\cluegame\thecluegame\x64\debug\cardspack.obj
c:\users\idan-\projects\cluegame\thecluegame\x64\debug\board.obj
c:\users\idan-\projects\cluegame\thecluegame\x64\debug\thecluegame.ilk
c:\users\idan-\projects\cluegame\thecluegame\x64\debug\thecluegame.exe
c:\users\idan-\projects\cluegame\thecluegame\x64\debug\thecluegame.pdb
c:\users\idan-\projects\cluegame\thecluegame\x64\debug\thecluegame.tlog\cl.command.1.tlog
c:\users\idan-\projects\cluegame\thecluegame\x64\debug\thecluegame.tlog\cl.read.1.tlog
c:\users\idan-\projects\cluegame\thecluegame\x64\debug\thecluegame.tlog\cl.write.1.tlog
c:\users\idan-\projects\cluegame\thecluegame\x64\debug\thecluegame.tlog\link.command.1.tlog
c:\users\idan-\projects\cluegame\thecluegame\x64\debug\thecluegame.tlog\link.read.1.tlog
c:\users\idan-\projects\cluegame\thecluegame\x64\debug\thecluegame.tlog\link.write.1.tlog
